2025-06-11 11:09:16,356 - RegisterPage - INFO - Navigate to: https://petstore.octoperf.com/actions/Account.action?newAccountForm=
2025-06-11 11:09:17,726 - RegisterPage - INFO - Registering user: autotest_fbf4ce30
2025-06-11 11:09:17,727 - RegisterPage - INFO - Clear input[name='username']
2025-06-11 11:09:17,789 - RegisterPage - INFO - In input[name='username'] input: autotest_fbf4ce30
2025-06-11 11:09:17,819 - RegisterPage - INFO - Clear input[name='password']
2025-06-11 11:09:17,856 - RegisterPage - INFO - In input[name='password'] input: TestPass123
2025-06-11 11:09:17,886 - RegisterPage - INFO - Clear input[name='repeatedPassword']
2025-06-11 11:09:17,935 - RegisterPage - INFO - In input[name='repeatedPassword'] input: TestPass123
2025-06-11 11:09:17,970 - RegisterPage - INFO - Clear input[name='account.firstName']
2025-06-11 11:09:18,012 - RegisterPage - INFO - In input[name='account.firstName'] input: Test
2025-06-11 11:09:18,046 - RegisterPage - INFO - Clear input[name='account.lastName']
2025-06-11 11:09:18,086 - RegisterPage - INFO - In input[name='account.lastName'] input: User
2025-06-11 11:09:18,116 - RegisterPage - INFO - Clear input[name='account.email']
2025-06-11 11:09:18,151 - RegisterPage - INFO - In input[name='account.email'] input: testuser@example.com
2025-06-11 11:09:18,180 - RegisterPage - INFO - Clear input[name='account.phone']
2025-06-11 11:09:18,214 - RegisterPage - INFO - In input[name='account.phone'] input: 1234567890
2025-06-11 11:09:18,244 - RegisterPage - INFO - Clear input[name='account.address1']
2025-06-11 11:09:18,280 - RegisterPage - INFO - In input[name='account.address1'] input: 123 Test St
2025-06-11 11:09:18,311 - RegisterPage - INFO - Clear input[name='account.city']
2025-06-11 11:09:18,347 - RegisterPage - INFO - In input[name='account.city'] input: Test City
2025-06-11 11:09:18,375 - RegisterPage - INFO - Clear input[name='account.state']
2025-06-11 11:09:18,408 - RegisterPage - INFO - In input[name='account.state'] input: TS
2025-06-11 11:09:18,450 - RegisterPage - INFO - Clear input[name='account.zip']
2025-06-11 11:09:18,488 - RegisterPage - INFO - In input[name='account.zip'] input: 12345
2025-06-11 11:09:18,518 - RegisterPage - INFO - Clear input[name='account.country']
2025-06-11 11:09:18,553 - RegisterPage - INFO - In input[name='account.country'] input: USA
2025-06-11 11:09:18,583 - RegisterPage - INFO - Click element: input[name='newAccount']
2025-06-11 11:09:19,181 - RegisterPage - INFO - Wait for element: #Content ul li (timeout: 10000ms)
2025-06-11 11:09:30,053 - RegisterPage - INFO - Navigate to: https://petstore.octoperf.com/actions/Account.action?newAccountForm=
2025-06-11 11:09:30,053 - RegisterPage - INFO - Navigate to: https://petstore.octoperf.com/actions/Account.action?newAccountForm=
2025-06-11 11:09:31,449 - RegisterPage - INFO - Registering user: autotest_1c7cc645
2025-06-11 11:09:31,449 - RegisterPage - INFO - Registering user: autotest_1c7cc645
2025-06-11 11:09:31,450 - RegisterPage - INFO - Clear input[name='username']
2025-06-11 11:09:31,450 - RegisterPage - INFO - Clear input[name='username']
2025-06-11 11:09:31,503 - RegisterPage - INFO - In input[name='username'] input: autotest_1c7cc645
2025-06-11 11:09:31,503 - RegisterPage - INFO - In input[name='username'] input: autotest_1c7cc645
2025-06-11 11:09:31,533 - RegisterPage - INFO - Clear input[name='password']
2025-06-11 11:09:31,533 - RegisterPage - INFO - Clear input[name='password']
2025-06-11 11:09:31,567 - RegisterPage - INFO - In input[name='password'] input: Pass123
2025-06-11 11:09:31,567 - RegisterPage - INFO - In input[name='password'] input: Pass123
2025-06-11 11:09:31,595 - RegisterPage - INFO - Clear input[name='repeatedPassword']
2025-06-11 11:09:31,595 - RegisterPage - INFO - Clear input[name='repeatedPassword']
2025-06-11 11:09:31,631 - RegisterPage - INFO - In input[name='repeatedPassword'] input: Pass124
2025-06-11 11:09:31,631 - RegisterPage - INFO - In input[name='repeatedPassword'] input: Pass124
2025-06-11 11:09:31,660 - RegisterPage - INFO - Clear input[name='account.firstName']
2025-06-11 11:09:31,660 - RegisterPage - INFO - Clear input[name='account.firstName']
2025-06-11 11:09:31,695 - RegisterPage - INFO - In input[name='account.firstName'] input: Test
2025-06-11 11:09:31,695 - RegisterPage - INFO - In input[name='account.firstName'] input: Test
2025-06-11 11:09:31,728 - RegisterPage - INFO - Clear input[name='account.lastName']
2025-06-11 11:09:31,728 - RegisterPage - INFO - Clear input[name='account.lastName']
2025-06-11 11:09:31,764 - RegisterPage - INFO - In input[name='account.lastName'] input: User
2025-06-11 11:09:31,764 - RegisterPage - INFO - In input[name='account.lastName'] input: User
2025-06-11 11:09:31,795 - RegisterPage - INFO - Clear input[name='account.email']
2025-06-11 11:09:31,795 - RegisterPage - INFO - Clear input[name='account.email']
2025-06-11 11:09:31,830 - RegisterPage - INFO - In input[name='account.email'] input: testuser@example.com
2025-06-11 11:09:31,830 - RegisterPage - INFO - In input[name='account.email'] input: testuser@example.com
2025-06-11 11:09:31,862 - RegisterPage - INFO - Clear input[name='account.phone']
2025-06-11 11:09:31,862 - RegisterPage - INFO - Clear input[name='account.phone']
2025-06-11 11:09:31,895 - RegisterPage - INFO - In input[name='account.phone'] input: 1234567890
2025-06-11 11:09:31,895 - RegisterPage - INFO - In input[name='account.phone'] input: 1234567890
2025-06-11 11:09:31,923 - RegisterPage - INFO - Clear input[name='account.address1']
2025-06-11 11:09:31,923 - RegisterPage - INFO - Clear input[name='account.address1']
2025-06-11 11:09:31,956 - RegisterPage - INFO - In input[name='account.address1'] input: 123 Test St
2025-06-11 11:09:31,956 - RegisterPage - INFO - In input[name='account.address1'] input: 123 Test St
2025-06-11 11:09:31,985 - RegisterPage - INFO - Clear input[name='account.city']
2025-06-11 11:09:31,985 - RegisterPage - INFO - Clear input[name='account.city']
2025-06-11 11:09:32,017 - RegisterPage - INFO - In input[name='account.city'] input: Test City
2025-06-11 11:09:32,017 - RegisterPage - INFO - In input[name='account.city'] input: Test City
2025-06-11 11:09:32,046 - RegisterPage - INFO - Clear input[name='account.state']
2025-06-11 11:09:32,046 - RegisterPage - INFO - Clear input[name='account.state']
2025-06-11 11:09:32,079 - RegisterPage - INFO - In input[name='account.state'] input: TS
2025-06-11 11:09:32,079 - RegisterPage - INFO - In input[name='account.state'] input: TS
2025-06-11 11:09:32,107 - RegisterPage - INFO - Clear input[name='account.zip']
2025-06-11 11:09:32,107 - RegisterPage - INFO - Clear input[name='account.zip']
2025-06-11 11:09:32,140 - RegisterPage - INFO - In input[name='account.zip'] input: 12345
2025-06-11 11:09:32,140 - RegisterPage - INFO - In input[name='account.zip'] input: 12345
2025-06-11 11:09:32,169 - RegisterPage - INFO - Clear input[name='account.country']
2025-06-11 11:09:32,169 - RegisterPage - INFO - Clear input[name='account.country']
2025-06-11 11:09:32,202 - RegisterPage - INFO - In input[name='account.country'] input: USA
2025-06-11 11:09:32,202 - RegisterPage - INFO - In input[name='account.country'] input: USA
2025-06-11 11:09:32,231 - RegisterPage - INFO - Click element: input[name='newAccount']
2025-06-11 11:09:32,231 - RegisterPage - INFO - Click element: input[name='newAccount']
2025-06-11 11:36:25,033 - RegisterPage - INFO - Navigate to: https://petstore.octoperf.com/actions/Account.action?newAccountForm=
2025-06-11 11:36:26,359 - RegisterPage - INFO - Registering user: autotest_66cb1615
2025-06-11 11:36:26,359 - RegisterPage - INFO - Clear input[name='username']
2025-06-11 11:36:26,410 - RegisterPage - INFO - In input[name='username'] input: autotest_66cb1615
2025-06-11 11:36:26,444 - RegisterPage - INFO - Clear input[name='password']
2025-06-11 11:36:26,478 - RegisterPage - INFO - In input[name='password'] input: TestPass123
2025-06-11 11:36:26,507 - RegisterPage - INFO - Clear input[name='repeatedPassword']
2025-06-11 11:36:26,542 - RegisterPage - INFO - In input[name='repeatedPassword'] input: TestPass123
2025-06-11 11:36:26,570 - RegisterPage - INFO - Clear input[name='account.firstName']
2025-06-11 11:36:26,605 - RegisterPage - INFO - In input[name='account.firstName'] input: Test
2025-06-11 11:36:26,634 - RegisterPage - INFO - Clear input[name='account.lastName']
2025-06-11 11:36:26,668 - RegisterPage - INFO - In input[name='account.lastName'] input: User
2025-06-11 11:36:26,696 - RegisterPage - INFO - Clear input[name='account.email']
2025-06-11 11:36:26,731 - RegisterPage - INFO - In input[name='account.email'] input: testuser@example.com
2025-06-11 11:36:26,760 - RegisterPage - INFO - Clear input[name='account.phone']
2025-06-11 11:36:26,794 - RegisterPage - INFO - In input[name='account.phone'] input: 1234567890
2025-06-11 11:36:26,821 - RegisterPage - INFO - Clear input[name='account.address1']
2025-06-11 11:36:26,858 - RegisterPage - INFO - In input[name='account.address1'] input: 123 Test St
2025-06-11 11:36:26,886 - RegisterPage - INFO - Clear input[name='account.city']
2025-06-11 11:36:26,922 - RegisterPage - INFO - In input[name='account.city'] input: Test City
2025-06-11 11:36:26,952 - RegisterPage - INFO - Clear input[name='account.state']
2025-06-11 11:36:26,986 - RegisterPage - INFO - In input[name='account.state'] input: TS
2025-06-11 11:36:27,015 - RegisterPage - INFO - Clear input[name='account.zip']
2025-06-11 11:36:27,047 - RegisterPage - INFO - In input[name='account.zip'] input: 12345
2025-06-11 11:36:27,075 - RegisterPage - INFO - Clear input[name='account.country']
2025-06-11 11:36:27,111 - RegisterPage - INFO - In input[name='account.country'] input: USA
2025-06-11 11:36:27,141 - RegisterPage - INFO - Click element: input[name='newAccount']
2025-06-11 11:36:29,657 - RegisterPage - INFO - Navigate to: https://petstore.octoperf.com/actions/Account.action?newAccountForm=
2025-06-11 11:36:29,657 - RegisterPage - INFO - Navigate to: https://petstore.octoperf.com/actions/Account.action?newAccountForm=
2025-06-11 11:36:30,966 - RegisterPage - INFO - Registering user: autotest_dc8b7547
2025-06-11 11:36:30,966 - RegisterPage - INFO - Registering user: autotest_dc8b7547
2025-06-11 11:36:30,966 - RegisterPage - INFO - Clear input[name='username']
2025-06-11 11:36:30,966 - RegisterPage - INFO - Clear input[name='username']
2025-06-11 11:36:31,016 - RegisterPage - INFO - In input[name='username'] input: autotest_dc8b7547
2025-06-11 11:36:31,016 - RegisterPage - INFO - In input[name='username'] input: autotest_dc8b7547
2025-06-11 11:36:31,044 - RegisterPage - INFO - Clear input[name='password']
2025-06-11 11:36:31,044 - RegisterPage - INFO - Clear input[name='password']
2025-06-11 11:36:31,080 - RegisterPage - INFO - In input[name='password'] input: Pass123
2025-06-11 11:36:31,080 - RegisterPage - INFO - In input[name='password'] input: Pass123
2025-06-11 11:36:31,109 - RegisterPage - INFO - Clear input[name='repeatedPassword']
2025-06-11 11:36:31,109 - RegisterPage - INFO - Clear input[name='repeatedPassword']
2025-06-11 11:36:31,143 - RegisterPage - INFO - In input[name='repeatedPassword'] input: Pass124
2025-06-11 11:36:31,143 - RegisterPage - INFO - In input[name='repeatedPassword'] input: Pass124
2025-06-11 11:36:31,173 - RegisterPage - INFO - Clear input[name='account.firstName']
2025-06-11 11:36:31,173 - RegisterPage - INFO - Clear input[name='account.firstName']
2025-06-11 11:36:31,208 - RegisterPage - INFO - In input[name='account.firstName'] input: Test
2025-06-11 11:36:31,208 - RegisterPage - INFO - In input[name='account.firstName'] input: Test
2025-06-11 11:36:31,237 - RegisterPage - INFO - Clear input[name='account.lastName']
2025-06-11 11:36:31,237 - RegisterPage - INFO - Clear input[name='account.lastName']
2025-06-11 11:36:31,272 - RegisterPage - INFO - In input[name='account.lastName'] input: User
2025-06-11 11:36:31,272 - RegisterPage - INFO - In input[name='account.lastName'] input: User
2025-06-11 11:36:31,299 - RegisterPage - INFO - Clear input[name='account.email']
2025-06-11 11:36:31,299 - RegisterPage - INFO - Clear input[name='account.email']
2025-06-11 11:36:31,332 - RegisterPage - INFO - In input[name='account.email'] input: testuser@example.com
2025-06-11 11:36:31,332 - RegisterPage - INFO - In input[name='account.email'] input: testuser@example.com
2025-06-11 11:36:31,361 - RegisterPage - INFO - Clear input[name='account.phone']
2025-06-11 11:36:31,361 - RegisterPage - INFO - Clear input[name='account.phone']
2025-06-11 11:36:31,394 - RegisterPage - INFO - In input[name='account.phone'] input: 1234567890
2025-06-11 11:36:31,394 - RegisterPage - INFO - In input[name='account.phone'] input: 1234567890
2025-06-11 11:36:31,422 - RegisterPage - INFO - Clear input[name='account.address1']
2025-06-11 11:36:31,422 - RegisterPage - INFO - Clear input[name='account.address1']
2025-06-11 11:36:31,456 - RegisterPage - INFO - In input[name='account.address1'] input: 123 Test St
2025-06-11 11:36:31,456 - RegisterPage - INFO - In input[name='account.address1'] input: 123 Test St
2025-06-11 11:36:31,484 - RegisterPage - INFO - Clear input[name='account.city']
2025-06-11 11:36:31,484 - RegisterPage - INFO - Clear input[name='account.city']
2025-06-11 11:36:31,520 - RegisterPage - INFO - In input[name='account.city'] input: Test City
2025-06-11 11:36:31,520 - RegisterPage - INFO - In input[name='account.city'] input: Test City
2025-06-11 11:36:31,548 - RegisterPage - INFO - Clear input[name='account.state']
2025-06-11 11:36:31,548 - RegisterPage - INFO - Clear input[name='account.state']
2025-06-11 11:36:31,580 - RegisterPage - INFO - In input[name='account.state'] input: TS
2025-06-11 11:36:31,580 - RegisterPage - INFO - In input[name='account.state'] input: TS
2025-06-11 11:36:31,609 - RegisterPage - INFO - Clear input[name='account.zip']
2025-06-11 11:36:31,609 - RegisterPage - INFO - Clear input[name='account.zip']
2025-06-11 11:36:31,643 - RegisterPage - INFO - In input[name='account.zip'] input: 12345
2025-06-11 11:36:31,643 - RegisterPage - INFO - In input[name='account.zip'] input: 12345
2025-06-11 11:36:31,673 - RegisterPage - INFO - Clear input[name='account.country']
2025-06-11 11:36:31,673 - RegisterPage - INFO - Clear input[name='account.country']
2025-06-11 11:36:31,706 - RegisterPage - INFO - In input[name='account.country'] input: USA
2025-06-11 11:36:31,706 - RegisterPage - INFO - In input[name='account.country'] input: USA
2025-06-11 11:36:31,734 - RegisterPage - INFO - Click element: input[name='newAccount']
2025-06-11 11:36:31,734 - RegisterPage - INFO - Click element: input[name='newAccount']
2025-06-11 16:40:07,642 - RegisterPage - INFO - Navigate to: https://petstore.octoperf.com/actions/Account.action?newAccountForm=
2025-06-11 16:40:08,953 - RegisterPage - INFO - Registering user: Autotest_9b5aa6ba
2025-06-11 16:40:08,953 - RegisterPage - INFO - Clear input[name='username']
2025-06-11 16:40:09,004 - RegisterPage - INFO - In input[name='username'] input: Autotest_9b5aa6ba
2025-06-11 16:40:09,034 - RegisterPage - INFO - Clear input[name='password']
2025-06-11 16:40:09,070 - RegisterPage - INFO - In input[name='password'] input: TestPass123
2025-06-11 16:40:09,100 - RegisterPage - INFO - Clear input[name='repeatedPassword']
2025-06-11 16:40:09,137 - RegisterPage - INFO - In input[name='repeatedPassword'] input: TestPass123
2025-06-11 16:40:09,177 - RegisterPage - INFO - Clear input[name='account.firstName']
2025-06-11 16:40:09,215 - RegisterPage - INFO - In input[name='account.firstName'] input: Autotest_9b5aa6ba
2025-06-11 16:40:09,245 - RegisterPage - INFO - Clear input[name='account.lastName']
2025-06-11 16:40:09,279 - RegisterPage - INFO - In input[name='account.lastName'] input: User
2025-06-11 16:40:09,307 - RegisterPage - INFO - Clear input[name='account.email']
2025-06-11 16:40:09,341 - RegisterPage - INFO - In input[name='account.email'] input: testuser@example.com
2025-06-11 16:40:09,369 - RegisterPage - INFO - Clear input[name='account.phone']
2025-06-11 16:40:09,402 - RegisterPage - INFO - In input[name='account.phone'] input: 1234567890
2025-06-11 16:40:09,430 - RegisterPage - INFO - Clear input[name='account.address1']
2025-06-11 16:40:09,464 - RegisterPage - INFO - In input[name='account.address1'] input: 123 Test St
2025-06-11 16:40:09,492 - RegisterPage - INFO - Clear input[name='account.city']
2025-06-11 16:40:09,526 - RegisterPage - INFO - In input[name='account.city'] input: Test City
2025-06-11 16:40:09,554 - RegisterPage - INFO - Clear input[name='account.state']
2025-06-11 16:40:09,590 - RegisterPage - INFO - In input[name='account.state'] input: TS
2025-06-11 16:40:09,618 - RegisterPage - INFO - Clear input[name='account.zip']
2025-06-11 16:40:09,652 - RegisterPage - INFO - In input[name='account.zip'] input: 12345
2025-06-11 16:40:09,680 - RegisterPage - INFO - Clear input[name='account.country']
2025-06-11 16:40:09,715 - RegisterPage - INFO - In input[name='account.country'] input: USA
2025-06-11 16:40:09,743 - RegisterPage - INFO - Click element: input[name='newAccount']
2025-06-11 16:40:12,202 - RegisterPage - INFO - Navigate to: https://petstore.octoperf.com/actions/Account.action?newAccountForm=
2025-06-11 16:40:12,202 - RegisterPage - INFO - Navigate to: https://petstore.octoperf.com/actions/Account.action?newAccountForm=
2025-06-11 16:40:13,574 - RegisterPage - INFO - Registering user: Autotest_2c30c94e
2025-06-11 16:40:13,574 - RegisterPage - INFO - Registering user: Autotest_2c30c94e
2025-06-11 16:40:13,575 - RegisterPage - INFO - Clear input[name='username']
2025-06-11 16:40:13,575 - RegisterPage - INFO - Clear input[name='username']
2025-06-11 16:40:13,633 - RegisterPage - INFO - In input[name='username'] input: Autotest_2c30c94e
2025-06-11 16:40:13,633 - RegisterPage - INFO - In input[name='username'] input: Autotest_2c30c94e
2025-06-11 16:40:13,665 - RegisterPage - INFO - Clear input[name='password']
2025-06-11 16:40:13,665 - RegisterPage - INFO - Clear input[name='password']
2025-06-11 16:40:13,699 - RegisterPage - INFO - In input[name='password'] input: Pass123
2025-06-11 16:40:13,699 - RegisterPage - INFO - In input[name='password'] input: Pass123
2025-06-11 16:40:13,730 - RegisterPage - INFO - Clear input[name='repeatedPassword']
2025-06-11 16:40:13,730 - RegisterPage - INFO - Clear input[name='repeatedPassword']
2025-06-11 16:40:13,765 - RegisterPage - INFO - In input[name='repeatedPassword'] input: Pass124
2025-06-11 16:40:13,765 - RegisterPage - INFO - In input[name='repeatedPassword'] input: Pass124
2025-06-11 16:40:13,794 - RegisterPage - INFO - Clear input[name='account.firstName']
2025-06-11 16:40:13,794 - RegisterPage - INFO - Clear input[name='account.firstName']
2025-06-11 16:40:13,827 - RegisterPage - INFO - In input[name='account.firstName'] input: Autotest_2c30c94e
2025-06-11 16:40:13,827 - RegisterPage - INFO - In input[name='account.firstName'] input: Autotest_2c30c94e
2025-06-11 16:40:13,856 - RegisterPage - INFO - Clear input[name='account.lastName']
2025-06-11 16:40:13,856 - RegisterPage - INFO - Clear input[name='account.lastName']
2025-06-11 16:40:13,891 - RegisterPage - INFO - In input[name='account.lastName'] input: User
2025-06-11 16:40:13,891 - RegisterPage - INFO - In input[name='account.lastName'] input: User
2025-06-11 16:40:13,919 - RegisterPage - INFO - Clear input[name='account.email']
2025-06-11 16:40:13,919 - RegisterPage - INFO - Clear input[name='account.email']
2025-06-11 16:40:13,951 - RegisterPage - INFO - In input[name='account.email'] input: testuser@example.com
2025-06-11 16:40:13,951 - RegisterPage - INFO - In input[name='account.email'] input: testuser@example.com
2025-06-11 16:40:13,980 - RegisterPage - INFO - Clear input[name='account.phone']
2025-06-11 16:40:13,980 - RegisterPage - INFO - Clear input[name='account.phone']
2025-06-11 16:40:14,014 - RegisterPage - INFO - In input[name='account.phone'] input: 1234567890
2025-06-11 16:40:14,014 - RegisterPage - INFO - In input[name='account.phone'] input: 1234567890
2025-06-11 16:40:14,041 - RegisterPage - INFO - Clear input[name='account.address1']
2025-06-11 16:40:14,041 - RegisterPage - INFO - Clear input[name='account.address1']
2025-06-11 16:40:14,074 - RegisterPage - INFO - In input[name='account.address1'] input: 123 Test St
2025-06-11 16:40:14,074 - RegisterPage - INFO - In input[name='account.address1'] input: 123 Test St
2025-06-11 16:40:14,104 - RegisterPage - INFO - Clear input[name='account.city']
2025-06-11 16:40:14,104 - RegisterPage - INFO - Clear input[name='account.city']
2025-06-11 16:40:14,136 - RegisterPage - INFO - In input[name='account.city'] input: Test City
2025-06-11 16:40:14,136 - RegisterPage - INFO - In input[name='account.city'] input: Test City
2025-06-11 16:40:14,167 - RegisterPage - INFO - Clear input[name='account.state']
2025-06-11 16:40:14,167 - RegisterPage - INFO - Clear input[name='account.state']
2025-06-11 16:40:14,198 - RegisterPage - INFO - In input[name='account.state'] input: TS
2025-06-11 16:40:14,198 - RegisterPage - INFO - In input[name='account.state'] input: TS
2025-06-11 16:40:14,227 - RegisterPage - INFO - Clear input[name='account.zip']
2025-06-11 16:40:14,227 - RegisterPage - INFO - Clear input[name='account.zip']
2025-06-11 16:40:14,260 - RegisterPage - INFO - In input[name='account.zip'] input: 12345
2025-06-11 16:40:14,260 - RegisterPage - INFO - In input[name='account.zip'] input: 12345
2025-06-11 16:40:14,289 - RegisterPage - INFO - Clear input[name='account.country']
2025-06-11 16:40:14,289 - RegisterPage - INFO - Clear input[name='account.country']
2025-06-11 16:40:14,323 - RegisterPage - INFO - In input[name='account.country'] input: USA
2025-06-11 16:40:14,323 - RegisterPage - INFO - In input[name='account.country'] input: USA
2025-06-11 16:40:14,351 - RegisterPage - INFO - Click element: input[name='newAccount']
2025-06-11 16:40:14,351 - RegisterPage - INFO - Click element: input[name='newAccount']
2025-06-11 16:42:09,565 - RegisterPage - INFO - Navigate to: https://petstore.octoperf.com/actions/Account.action?newAccountForm=
2025-06-11 16:42:10,937 - RegisterPage - INFO - Registering user: Autotest_fc308c45
2025-06-11 16:42:10,938 - RegisterPage - INFO - Clear input[name='username']
2025-06-11 16:42:10,991 - RegisterPage - INFO - In input[name='username'] input: Autotest_fc308c45
2025-06-11 16:42:11,020 - RegisterPage - INFO - Clear input[name='password']
2025-06-11 16:42:11,055 - RegisterPage - INFO - In input[name='password'] input: TestPass123
2025-06-11 16:42:11,084 - RegisterPage - INFO - Clear input[name='repeatedPassword']
2025-06-11 16:42:11,118 - RegisterPage - INFO - In input[name='repeatedPassword'] input: TestPass123
2025-06-11 16:42:11,149 - RegisterPage - INFO - Clear input[name='account.firstName']
2025-06-11 16:42:11,183 - RegisterPage - INFO - In input[name='account.firstName'] input: Autotest_fc308c45
2025-06-11 16:42:11,218 - RegisterPage - INFO - Clear input[name='account.lastName']
2025-06-11 16:42:11,253 - RegisterPage - INFO - In input[name='account.lastName'] input: User
2025-06-11 16:42:11,283 - RegisterPage - INFO - Clear input[name='account.email']
2025-06-11 16:42:11,318 - RegisterPage - INFO - In input[name='account.email'] input: testuser@example.com
2025-06-11 16:42:11,347 - RegisterPage - INFO - Clear input[name='account.phone']
2025-06-11 16:42:11,381 - RegisterPage - INFO - In input[name='account.phone'] input: 1234567890
2025-06-11 16:42:11,409 - RegisterPage - INFO - Clear input[name='account.address1']
2025-06-11 16:42:11,445 - RegisterPage - INFO - In input[name='account.address1'] input: 123 Test St
2025-06-11 16:42:11,473 - RegisterPage - INFO - Clear input[name='account.city']
2025-06-11 16:42:11,509 - RegisterPage - INFO - In input[name='account.city'] input: Test City
2025-06-11 16:42:11,540 - RegisterPage - INFO - Clear input[name='account.state']
2025-06-11 16:42:11,578 - RegisterPage - INFO - In input[name='account.state'] input: TS
2025-06-11 16:42:11,607 - RegisterPage - INFO - Clear input[name='account.zip']
2025-06-11 16:42:11,642 - RegisterPage - INFO - In input[name='account.zip'] input: 12345
2025-06-11 16:42:11,669 - RegisterPage - INFO - Clear input[name='account.country']
2025-06-11 16:42:11,704 - RegisterPage - INFO - In input[name='account.country'] input: USA
2025-06-11 16:42:11,733 - RegisterPage - INFO - Click element: input[name='newAccount']
2025-06-11 17:09:08,975 - RegisterPage - INFO - Navigate to: https://petstore.octoperf.com/actions/Account.action?newAccountForm=
2025-06-11 17:09:10,510 - RegisterPage - INFO - Registering user: Autotest_69490788
2025-06-11 17:09:10,510 - RegisterPage - INFO - Clear input[name='username']
2025-06-11 17:09:10,575 - RegisterPage - INFO - In input[name='username'] input: Autotest_69490788
2025-06-11 17:09:10,611 - RegisterPage - INFO - Clear input[name='password']
2025-06-11 17:09:10,675 - RegisterPage - INFO - In input[name='password'] input: TestPass123
2025-06-11 17:09:10,721 - RegisterPage - INFO - Clear input[name='repeatedPassword']
2025-06-11 17:09:10,774 - RegisterPage - INFO - In input[name='repeatedPassword'] input: TestPass123
2025-06-11 17:09:10,808 - RegisterPage - INFO - Clear input[name='account.firstName']
2025-06-11 17:09:10,858 - RegisterPage - INFO - In input[name='account.firstName'] input: Autotest_69490788
2025-06-11 17:09:10,891 - RegisterPage - INFO - Clear input[name='account.lastName']
2025-06-11 17:09:10,940 - RegisterPage - INFO - In input[name='account.lastName'] input: User
2025-06-11 17:09:10,972 - RegisterPage - INFO - Clear input[name='account.email']
2025-06-11 17:09:11,038 - RegisterPage - INFO - In input[name='account.email'] input: testuser@example.com
2025-06-11 17:09:11,084 - RegisterPage - INFO - Clear input[name='account.phone']
2025-06-11 17:09:11,134 - RegisterPage - INFO - In input[name='account.phone'] input: 1234567890
2025-06-11 17:09:11,167 - RegisterPage - INFO - Clear input[name='account.address1']
2025-06-11 17:09:11,215 - RegisterPage - INFO - In input[name='account.address1'] input: 123 Test St
2025-06-11 17:09:11,249 - RegisterPage - INFO - Clear input[name='account.city']
2025-06-11 17:09:11,301 - RegisterPage - INFO - In input[name='account.city'] input: Test City
2025-06-11 17:09:11,332 - RegisterPage - INFO - Clear input[name='account.state']
2025-06-11 17:09:11,380 - RegisterPage - INFO - In input[name='account.state'] input: TS
2025-06-11 17:09:11,412 - RegisterPage - INFO - Clear input[name='account.zip']
2025-06-11 17:09:11,458 - RegisterPage - INFO - In input[name='account.zip'] input: 12345
2025-06-11 17:09:11,492 - RegisterPage - INFO - Clear input[name='account.country']
2025-06-11 17:09:11,542 - RegisterPage - INFO - In input[name='account.country'] input: USA
2025-06-11 17:09:11,578 - RegisterPage - INFO - Click element: input[name='newAccount']
