2025-06-12 11:50:37,805 - RegisterPage - INFO - Navigate to: https://petstore.octoperf.com/actions/Account.action?newAccountForm=
2025-06-12 11:50:39,198 - RegisterPage - INFO - Registering user: Autotest_0b28a981
2025-06-12 11:50:39,198 - RegisterPage - INFO - Clear input[name='username']
2025-06-12 11:50:39,253 - RegisterPage - INFO - In input[name='username'] input: Autotest_0b28a981
2025-06-12 11:50:39,283 - RegisterPage - INFO - Clear input[name='password']
2025-06-12 11:50:39,317 - RegisterPage - INFO - In input[name='password'] input: TestPass123
2025-06-12 11:50:39,347 - RegisterPage - INFO - Clear input[name='repeatedPassword']
2025-06-12 11:50:39,383 - RegisterPage - INFO - In input[name='repeatedPassword'] input: TestPass123
2025-06-12 11:50:39,412 - RegisterPage - INFO - Clear input[name='account.firstName']
2025-06-12 11:50:39,449 - RegisterPage - INFO - In input[name='account.firstName'] input: Autotest_0b28a981
2025-06-12 11:50:39,490 - RegisterPage - INFO - Clear input[name='account.lastName']
2025-06-12 11:50:39,529 - RegisterPage - INFO - In input[name='account.lastName'] input: User
2025-06-12 11:50:39,558 - RegisterPage - INFO - Clear input[name='account.email']
2025-06-12 11:50:39,590 - RegisterPage - INFO - In input[name='account.email'] input: testuser@example.com
2025-06-12 11:50:39,620 - RegisterPage - INFO - Clear input[name='account.phone']
2025-06-12 11:50:39,656 - RegisterPage - INFO - In input[name='account.phone'] input: 1234567890
2025-06-12 11:50:39,688 - RegisterPage - INFO - Clear input[name='account.address1']
2025-06-12 11:50:39,725 - RegisterPage - INFO - In input[name='account.address1'] input: 123 Test St
2025-06-12 11:50:39,754 - RegisterPage - INFO - Clear input[name='account.city']
2025-06-12 11:50:39,788 - RegisterPage - INFO - In input[name='account.city'] input: Test City
2025-06-12 11:50:39,818 - RegisterPage - INFO - Clear input[name='account.state']
2025-06-12 11:50:39,853 - RegisterPage - INFO - In input[name='account.state'] input: TS
2025-06-12 11:50:39,882 - RegisterPage - INFO - Clear input[name='account.zip']
2025-06-12 11:50:39,916 - RegisterPage - INFO - In input[name='account.zip'] input: 12345
2025-06-12 11:50:39,945 - RegisterPage - INFO - Clear input[name='account.country']
2025-06-12 11:50:39,978 - RegisterPage - INFO - In input[name='account.country'] input: USA
2025-06-12 11:50:40,010 - RegisterPage - INFO - Click element: input[name='newAccount']
2025-06-12 15:34:20,110 - RegisterPage - INFO - Navigate to: https://petstore.octoperf.com/actions/Account.action?newAccountForm=
2025-06-12 15:34:21,440 - RegisterPage - INFO - Registering user: Autotest_6109d8fe
2025-06-12 15:34:21,441 - RegisterPage - INFO - Clear input[name='username']
2025-06-12 15:34:21,487 - RegisterPage - INFO - In input[name='username'] input: Autotest_6109d8fe
2025-06-12 15:34:21,515 - RegisterPage - INFO - Clear input[name='password']
2025-06-12 15:34:21,541 - RegisterPage - INFO - In input[name='password'] input: TestPass123
2025-06-12 15:34:21,567 - RegisterPage - INFO - Clear input[name='repeatedPassword']
2025-06-12 15:34:21,599 - RegisterPage - INFO - In input[name='repeatedPassword'] input: TestPass123
2025-06-12 15:34:21,628 - RegisterPage - INFO - Clear input[name='account.firstName']
2025-06-12 15:34:21,657 - RegisterPage - INFO - In input[name='account.firstName'] input: Autotest_6109d8fe
2025-06-12 15:34:21,686 - RegisterPage - INFO - Clear input[name='account.lastName']
2025-06-12 15:34:21,713 - RegisterPage - INFO - In input[name='account.lastName'] input: User
2025-06-12 15:34:21,739 - RegisterPage - INFO - Clear input[name='account.email']
2025-06-12 15:34:21,768 - RegisterPage - INFO - In input[name='account.email'] input: testuser@example.com
2025-06-12 15:34:21,799 - RegisterPage - INFO - Clear input[name='account.phone']
2025-06-12 15:34:21,829 - RegisterPage - INFO - In input[name='account.phone'] input: 1234567890
2025-06-12 15:34:21,856 - RegisterPage - INFO - Clear input[name='account.address1']
2025-06-12 15:34:21,885 - RegisterPage - INFO - In input[name='account.address1'] input: 123 Test St
2025-06-12 15:34:21,913 - RegisterPage - INFO - Clear input[name='account.city']
2025-06-12 15:34:21,942 - RegisterPage - INFO - In input[name='account.city'] input: Test City
2025-06-12 15:34:21,969 - RegisterPage - INFO - Clear input[name='account.state']
2025-06-12 15:34:21,996 - RegisterPage - INFO - In input[name='account.state'] input: TS
2025-06-12 15:34:22,022 - RegisterPage - INFO - Clear input[name='account.zip']
2025-06-12 15:34:22,049 - RegisterPage - INFO - In input[name='account.zip'] input: 12345
2025-06-12 15:34:22,074 - RegisterPage - INFO - Clear input[name='account.country']
2025-06-12 15:34:22,100 - RegisterPage - INFO - In input[name='account.country'] input: USA
2025-06-12 15:34:22,126 - RegisterPage - INFO - Click element: input[name='newAccount']
2025-06-12 15:43:34,929 - RegisterPage - INFO - Navigate to: https://petstore.octoperf.com/actions/Account.action?newAccountForm=
2025-06-12 15:43:36,339 - RegisterPage - INFO - Registering user: Autotest_16c05241
2025-06-12 15:43:36,339 - RegisterPage - INFO - Clear input[name='username']
2025-06-12 15:43:36,392 - RegisterPage - INFO - In input[name='username'] input: Autotest_16c05241
2025-06-12 15:43:36,421 - RegisterPage - INFO - Clear input[name='password']
2025-06-12 15:43:36,447 - RegisterPage - INFO - In input[name='password'] input: TestPass123
2025-06-12 15:43:36,474 - RegisterPage - INFO - Clear input[name='repeatedPassword']
2025-06-12 15:43:36,501 - RegisterPage - INFO - In input[name='repeatedPassword'] input: TestPass123
2025-06-12 15:43:36,527 - RegisterPage - INFO - Clear input[name='account.firstName']
2025-06-12 15:43:36,554 - RegisterPage - INFO - In input[name='account.firstName'] input: Autotest_16c05241
2025-06-12 15:43:36,581 - RegisterPage - INFO - Clear input[name='account.lastName']
2025-06-12 15:43:36,608 - RegisterPage - INFO - In input[name='account.lastName'] input: User
2025-06-12 15:43:36,633 - RegisterPage - INFO - Clear input[name='account.email']
2025-06-12 15:43:36,659 - RegisterPage - INFO - In input[name='account.email'] input: testuser@example.com
2025-06-12 15:43:36,686 - RegisterPage - INFO - Clear input[name='account.phone']
2025-06-12 15:43:36,712 - RegisterPage - INFO - In input[name='account.phone'] input: 1234567890
2025-06-12 15:43:36,740 - RegisterPage - INFO - Clear input[name='account.address1']
2025-06-12 15:43:36,767 - RegisterPage - INFO - In input[name='account.address1'] input: 123 Test St
2025-06-12 15:43:36,796 - RegisterPage - INFO - Clear input[name='account.city']
2025-06-12 15:43:36,827 - RegisterPage - INFO - In input[name='account.city'] input: Test City
2025-06-12 15:43:36,857 - RegisterPage - INFO - Clear input[name='account.state']
2025-06-12 15:43:36,883 - RegisterPage - INFO - In input[name='account.state'] input: TS
2025-06-12 15:43:36,912 - RegisterPage - INFO - Clear input[name='account.zip']
2025-06-12 15:43:36,940 - RegisterPage - INFO - In input[name='account.zip'] input: 12345
2025-06-12 15:43:36,964 - RegisterPage - INFO - Clear input[name='account.country']
2025-06-12 15:43:36,991 - RegisterPage - INFO - In input[name='account.country'] input: USA
2025-06-12 15:43:37,017 - RegisterPage - INFO - Click element: input[name='newAccount']
2025-06-12 15:50:27,442 - RegisterPage - INFO - Navigate to: https://petstore.octoperf.com/actions/Account.action?newAccountForm=
2025-06-12 15:50:28,903 - RegisterPage - INFO - Registering user: Autotest_f97b8059
2025-06-12 15:50:28,903 - RegisterPage - INFO - Clear input[name='username']
2025-06-12 15:50:28,963 - RegisterPage - INFO - In input[name='username'] input: Autotest_f97b8059
2025-06-12 15:50:28,991 - RegisterPage - INFO - Clear input[name='password']
2025-06-12 15:50:29,023 - RegisterPage - INFO - In input[name='password'] input: TestPass123
2025-06-12 15:50:29,052 - RegisterPage - INFO - Clear input[name='repeatedPassword']
2025-06-12 15:50:29,082 - RegisterPage - INFO - In input[name='repeatedPassword'] input: TestPass123
2025-06-12 15:50:29,113 - RegisterPage - INFO - Clear input[name='account.firstName']
2025-06-12 15:50:29,142 - RegisterPage - INFO - In input[name='account.firstName'] input: Autotest_f97b8059
2025-06-12 15:50:29,169 - RegisterPage - INFO - Clear input[name='account.lastName']
2025-06-12 15:50:29,199 - RegisterPage - INFO - In input[name='account.lastName'] input: User
2025-06-12 15:50:29,224 - RegisterPage - INFO - Clear input[name='account.email']
2025-06-12 15:50:29,251 - RegisterPage - INFO - In input[name='account.email'] input: testuser@example.com
2025-06-12 15:50:29,277 - RegisterPage - INFO - Clear input[name='account.phone']
2025-06-12 15:50:29,304 - RegisterPage - INFO - In input[name='account.phone'] input: 1234567890
2025-06-12 15:50:29,333 - RegisterPage - INFO - Clear input[name='account.address1']
2025-06-12 15:50:29,360 - RegisterPage - INFO - In input[name='account.address1'] input: 123 Test St
2025-06-12 15:50:29,387 - RegisterPage - INFO - Clear input[name='account.city']
2025-06-12 15:50:29,413 - RegisterPage - INFO - In input[name='account.city'] input: Test City
2025-06-12 15:50:29,439 - RegisterPage - INFO - Clear input[name='account.state']
2025-06-12 15:50:29,466 - RegisterPage - INFO - In input[name='account.state'] input: TS
2025-06-12 15:50:29,502 - RegisterPage - INFO - Clear input[name='account.zip']
2025-06-12 15:50:29,530 - RegisterPage - INFO - In input[name='account.zip'] input: 12345
2025-06-12 15:50:29,556 - RegisterPage - INFO - Clear input[name='account.country']
2025-06-12 15:50:29,594 - RegisterPage - INFO - In input[name='account.country'] input: USA
2025-06-12 15:50:29,624 - RegisterPage - INFO - Click element: input[name='newAccount']
2025-06-12 15:50:31,926 - RegisterPage - INFO - Navigate to: https://petstore.octoperf.com/actions/Account.action?newAccountForm=
2025-06-12 15:50:31,926 - RegisterPage - INFO - Navigate to: https://petstore.octoperf.com/actions/Account.action?newAccountForm=
2025-06-12 15:50:33,312 - RegisterPage - INFO - Registering user: Autotest_e4ae87cc
2025-06-12 15:50:33,312 - RegisterPage - INFO - Registering user: Autotest_e4ae87cc
2025-06-12 15:50:33,312 - RegisterPage - INFO - Clear input[name='username']
2025-06-12 15:50:33,312 - RegisterPage - INFO - Clear input[name='username']
2025-06-12 15:50:33,356 - RegisterPage - INFO - In input[name='username'] input: Autotest_e4ae87cc
2025-06-12 15:50:33,356 - RegisterPage - INFO - In input[name='username'] input: Autotest_e4ae87cc
2025-06-12 15:50:33,387 - RegisterPage - INFO - Clear input[name='password']
2025-06-12 15:50:33,387 - RegisterPage - INFO - Clear input[name='password']
2025-06-12 15:50:33,415 - RegisterPage - INFO - In input[name='password'] input: Pass123
2025-06-12 15:50:33,415 - RegisterPage - INFO - In input[name='password'] input: Pass123
2025-06-12 15:50:33,441 - RegisterPage - INFO - Clear input[name='repeatedPassword']
2025-06-12 15:50:33,441 - RegisterPage - INFO - Clear input[name='repeatedPassword']
2025-06-12 15:50:33,469 - RegisterPage - INFO - In input[name='repeatedPassword'] input: Pass124
2025-06-12 15:50:33,469 - RegisterPage - INFO - In input[name='repeatedPassword'] input: Pass124
2025-06-12 15:50:33,496 - RegisterPage - INFO - Clear input[name='account.firstName']
2025-06-12 15:50:33,496 - RegisterPage - INFO - Clear input[name='account.firstName']
2025-06-12 15:50:33,522 - RegisterPage - INFO - In input[name='account.firstName'] input: Autotest_e4ae87cc
2025-06-12 15:50:33,522 - RegisterPage - INFO - In input[name='account.firstName'] input: Autotest_e4ae87cc
2025-06-12 15:50:33,547 - RegisterPage - INFO - Clear input[name='account.lastName']
2025-06-12 15:50:33,547 - RegisterPage - INFO - Clear input[name='account.lastName']
2025-06-12 15:50:33,575 - RegisterPage - INFO - In input[name='account.lastName'] input: User
2025-06-12 15:50:33,575 - RegisterPage - INFO - In input[name='account.lastName'] input: User
2025-06-12 15:50:33,602 - RegisterPage - INFO - Clear input[name='account.email']
2025-06-12 15:50:33,602 - RegisterPage - INFO - Clear input[name='account.email']
2025-06-12 15:50:33,628 - RegisterPage - INFO - In input[name='account.email'] input: testuser@example.com
2025-06-12 15:50:33,628 - RegisterPage - INFO - In input[name='account.email'] input: testuser@example.com
2025-06-12 15:50:33,653 - RegisterPage - INFO - Clear input[name='account.phone']
2025-06-12 15:50:33,653 - RegisterPage - INFO - Clear input[name='account.phone']
2025-06-12 15:50:33,681 - RegisterPage - INFO - In input[name='account.phone'] input: 1234567890
2025-06-12 15:50:33,681 - RegisterPage - INFO - In input[name='account.phone'] input: 1234567890
2025-06-12 15:50:33,706 - RegisterPage - INFO - Clear input[name='account.address1']
2025-06-12 15:50:33,706 - RegisterPage - INFO - Clear input[name='account.address1']
2025-06-12 15:50:33,733 - RegisterPage - INFO - In input[name='account.address1'] input: 123 Test St
2025-06-12 15:50:33,733 - RegisterPage - INFO - In input[name='account.address1'] input: 123 Test St
2025-06-12 15:50:33,758 - RegisterPage - INFO - Clear input[name='account.city']
2025-06-12 15:50:33,758 - RegisterPage - INFO - Clear input[name='account.city']
2025-06-12 15:50:33,786 - RegisterPage - INFO - In input[name='account.city'] input: Test City
2025-06-12 15:50:33,786 - RegisterPage - INFO - In input[name='account.city'] input: Test City
2025-06-12 15:50:33,813 - RegisterPage - INFO - Clear input[name='account.state']
2025-06-12 15:50:33,813 - RegisterPage - INFO - Clear input[name='account.state']
2025-06-12 15:50:33,842 - RegisterPage - INFO - In input[name='account.state'] input: TS
2025-06-12 15:50:33,842 - RegisterPage - INFO - In input[name='account.state'] input: TS
2025-06-12 15:50:33,871 - RegisterPage - INFO - Clear input[name='account.zip']
2025-06-12 15:50:33,871 - RegisterPage - INFO - Clear input[name='account.zip']
2025-06-12 15:50:33,897 - RegisterPage - INFO - In input[name='account.zip'] input: 12345
2025-06-12 15:50:33,897 - RegisterPage - INFO - In input[name='account.zip'] input: 12345
2025-06-12 15:50:33,924 - RegisterPage - INFO - Clear input[name='account.country']
2025-06-12 15:50:33,924 - RegisterPage - INFO - Clear input[name='account.country']
2025-06-12 15:50:33,955 - RegisterPage - INFO - In input[name='account.country'] input: USA
2025-06-12 15:50:33,955 - RegisterPage - INFO - In input[name='account.country'] input: USA
2025-06-12 15:50:33,984 - RegisterPage - INFO - Click element: input[name='newAccount']
2025-06-12 15:50:33,984 - RegisterPage - INFO - Click element: input[name='newAccount']
2025-06-12 15:53:04,028 - RegisterPage - INFO - Navigate to: https://petstore.octoperf.com/actions/Account.action?newAccountForm=
2025-06-12 15:53:05,495 - RegisterPage - INFO - Registering user: Autotest_bd719c2c
2025-06-12 15:53:05,495 - RegisterPage - INFO - Clear input[name='username']
2025-06-12 15:53:05,548 - RegisterPage - INFO - In input[name='username'] input: Autotest_bd719c2c
2025-06-12 15:53:05,579 - RegisterPage - INFO - Clear input[name='password']
2025-06-12 15:53:05,607 - RegisterPage - INFO - In input[name='password'] input: TestPass123
2025-06-12 15:53:05,633 - RegisterPage - INFO - Clear input[name='repeatedPassword']
2025-06-12 15:53:05,661 - RegisterPage - INFO - In input[name='repeatedPassword'] input: TestPass123
2025-06-12 15:53:05,689 - RegisterPage - INFO - Clear input[name='account.firstName']
2025-06-12 15:53:05,719 - RegisterPage - INFO - In input[name='account.firstName'] input: Autotest_bd719c2c
2025-06-12 15:53:05,747 - RegisterPage - INFO - Clear input[name='account.lastName']
2025-06-12 15:53:05,775 - RegisterPage - INFO - In input[name='account.lastName'] input: User
2025-06-12 15:53:05,804 - RegisterPage - INFO - Clear input[name='account.email']
2025-06-12 15:53:05,831 - RegisterPage - INFO - In input[name='account.email'] input: testuser@example.com
2025-06-12 15:53:05,857 - RegisterPage - INFO - Clear input[name='account.phone']
2025-06-12 15:53:05,885 - RegisterPage - INFO - In input[name='account.phone'] input: 1234567890
2025-06-12 15:53:05,913 - RegisterPage - INFO - Clear input[name='account.address1']
2025-06-12 15:53:05,941 - RegisterPage - INFO - In input[name='account.address1'] input: 123 Test St
2025-06-12 15:53:05,968 - RegisterPage - INFO - Clear input[name='account.city']
2025-06-12 15:53:05,996 - RegisterPage - INFO - In input[name='account.city'] input: Test City
2025-06-12 15:53:06,023 - RegisterPage - INFO - Clear input[name='account.state']
2025-06-12 15:53:06,052 - RegisterPage - INFO - In input[name='account.state'] input: TS
2025-06-12 15:53:06,080 - RegisterPage - INFO - Clear input[name='account.zip']
2025-06-12 15:53:06,109 - RegisterPage - INFO - In input[name='account.zip'] input: 12345
2025-06-12 15:53:06,138 - RegisterPage - INFO - Clear input[name='account.country']
2025-06-12 15:53:06,179 - RegisterPage - INFO - In input[name='account.country'] input: USA
2025-06-12 15:53:06,206 - RegisterPage - INFO - Click element: input[name='newAccount']
2025-06-12 15:58:34,011 - RegisterPage - INFO - Navigate to: https://petstore.octoperf.com/actions/Account.action?newAccountForm=
2025-06-12 15:58:35,544 - RegisterPage - INFO - Registering user: Autotest_6abe2a5a
2025-06-12 15:58:35,545 - RegisterPage - INFO - Clear input[name='username']
2025-06-12 15:58:35,600 - RegisterPage - INFO - In input[name='username'] input: Autotest_6abe2a5a
2025-06-12 15:58:35,629 - RegisterPage - INFO - Clear input[name='password']
2025-06-12 15:58:35,657 - RegisterPage - INFO - In input[name='password'] input: TestPass123
2025-06-12 15:58:35,684 - RegisterPage - INFO - Clear input[name='repeatedPassword']
2025-06-12 15:58:35,713 - RegisterPage - INFO - In input[name='repeatedPassword'] input: TestPass123
2025-06-12 15:58:35,739 - RegisterPage - INFO - Clear input[name='account.firstName']
2025-06-12 15:58:35,768 - RegisterPage - INFO - In input[name='account.firstName'] input: Autotest_6abe2a5a
2025-06-12 15:58:35,793 - RegisterPage - INFO - Clear input[name='account.lastName']
2025-06-12 15:58:35,822 - RegisterPage - INFO - In input[name='account.lastName'] input: User
2025-06-12 15:58:35,847 - RegisterPage - INFO - Clear input[name='account.email']
2025-06-12 15:58:35,874 - RegisterPage - INFO - In input[name='account.email'] input: testuser@example.com
2025-06-12 15:58:35,900 - RegisterPage - INFO - Clear input[name='account.phone']
2025-06-12 15:58:35,926 - RegisterPage - INFO - In input[name='account.phone'] input: 1234567890
2025-06-12 15:58:35,954 - RegisterPage - INFO - Clear input[name='account.address1']
2025-06-12 15:58:35,982 - RegisterPage - INFO - In input[name='account.address1'] input: 123 Test St
2025-06-12 15:58:36,009 - RegisterPage - INFO - Clear input[name='account.city']
2025-06-12 15:58:36,038 - RegisterPage - INFO - In input[name='account.city'] input: Test City
2025-06-12 15:58:36,063 - RegisterPage - INFO - Clear input[name='account.state']
2025-06-12 15:58:36,090 - RegisterPage - INFO - In input[name='account.state'] input: TS
2025-06-12 15:58:36,117 - RegisterPage - INFO - Clear input[name='account.zip']
2025-06-12 15:58:36,143 - RegisterPage - INFO - In input[name='account.zip'] input: 12345
2025-06-12 15:58:36,175 - RegisterPage - INFO - Clear input[name='account.country']
2025-06-12 15:58:36,223 - RegisterPage - INFO - In input[name='account.country'] input: USA
2025-06-12 15:58:36,250 - RegisterPage - INFO - Click element: input[name='newAccount']
2025-06-12 16:03:48,493 - RegisterPage - INFO - Navigate to: https://petstore.octoperf.com/actions/Account.action?newAccountForm=
2025-06-12 16:03:49,831 - RegisterPage - INFO - Registering user: Autotest_cbde0a5a
2025-06-12 16:03:49,831 - RegisterPage - INFO - Clear input[name='username']
2025-06-12 16:03:49,876 - RegisterPage - INFO - In input[name='username'] input: Autotest_cbde0a5a
2025-06-12 16:03:49,905 - RegisterPage - INFO - Clear input[name='password']
2025-06-12 16:03:49,932 - RegisterPage - INFO - In input[name='password'] input: TestPass123
2025-06-12 16:03:49,960 - RegisterPage - INFO - Clear input[name='repeatedPassword']
2025-06-12 16:03:49,989 - RegisterPage - INFO - In input[name='repeatedPassword'] input: TestPass123
2025-06-12 16:03:50,014 - RegisterPage - INFO - Clear input[name='account.firstName']
2025-06-12 16:03:50,042 - RegisterPage - INFO - In input[name='account.firstName'] input: Autotest_cbde0a5a
2025-06-12 16:03:50,069 - RegisterPage - INFO - Clear input[name='account.lastName']
2025-06-12 16:03:50,098 - RegisterPage - INFO - In input[name='account.lastName'] input: User
2025-06-12 16:03:50,126 - RegisterPage - INFO - Clear input[name='account.email']
2025-06-12 16:03:50,155 - RegisterPage - INFO - In input[name='account.email'] input: testuser@example.com
2025-06-12 16:03:50,181 - RegisterPage - INFO - Clear input[name='account.phone']
2025-06-12 16:03:50,208 - RegisterPage - INFO - In input[name='account.phone'] input: 1234567890
2025-06-12 16:03:50,235 - RegisterPage - INFO - Clear input[name='account.address1']
2025-06-12 16:03:50,262 - RegisterPage - INFO - In input[name='account.address1'] input: 123 Test St
2025-06-12 16:03:50,290 - RegisterPage - INFO - Clear input[name='account.city']
2025-06-12 16:03:50,318 - RegisterPage - INFO - In input[name='account.city'] input: Test City
2025-06-12 16:03:50,345 - RegisterPage - INFO - Clear input[name='account.state']
2025-06-12 16:03:50,372 - RegisterPage - INFO - In input[name='account.state'] input: TS
2025-06-12 16:03:50,399 - RegisterPage - INFO - Clear input[name='account.zip']
2025-06-12 16:03:50,425 - RegisterPage - INFO - In input[name='account.zip'] input: 12345
2025-06-12 16:03:50,453 - RegisterPage - INFO - Clear input[name='account.country']
2025-06-12 16:03:50,480 - RegisterPage - INFO - In input[name='account.country'] input: USA
2025-06-12 16:03:50,506 - RegisterPage - INFO - Click element: input[name='newAccount']
2025-06-12 18:32:36,663 - RegisterPage - INFO - Navigate to: https://petstore.octoperf.com/actions/Account.action?newAccountForm=
2025-06-12 18:32:38,053 - RegisterPage - INFO - Registering user: Autotest_f0e4aa9e
2025-06-12 18:32:38,053 - RegisterPage - INFO - Clear input[name='username']
2025-06-12 18:32:38,114 - RegisterPage - INFO - In input[name='username'] input: Autotest_f0e4aa9e
2025-06-12 18:32:38,149 - RegisterPage - INFO - Clear input[name='password']
2025-06-12 18:32:38,189 - RegisterPage - INFO - In input[name='password'] input: TestPass123
2025-06-12 18:32:38,226 - RegisterPage - INFO - Clear input[name='repeatedPassword']
2025-06-12 18:32:38,264 - RegisterPage - INFO - In input[name='repeatedPassword'] input: TestPass123
2025-06-12 18:32:38,296 - RegisterPage - INFO - Clear input[name='account.firstName']
2025-06-12 18:32:38,329 - RegisterPage - INFO - In input[name='account.firstName'] input: Autotest_f0e4aa9e
2025-06-12 18:32:38,357 - RegisterPage - INFO - Clear input[name='account.lastName']
2025-06-12 18:32:38,404 - RegisterPage - INFO - In input[name='account.lastName'] input: User
2025-06-12 18:32:38,431 - RegisterPage - INFO - Clear input[name='account.email']
2025-06-12 18:32:38,460 - RegisterPage - INFO - In input[name='account.email'] input: testuser@example.com
2025-06-12 18:32:38,486 - RegisterPage - INFO - Clear input[name='account.phone']
2025-06-12 18:32:38,514 - RegisterPage - INFO - In input[name='account.phone'] input: 1234567890
2025-06-12 18:32:38,544 - RegisterPage - INFO - Clear input[name='account.address1']
2025-06-12 18:32:38,575 - RegisterPage - INFO - In input[name='account.address1'] input: 123 Test St
2025-06-12 18:32:38,603 - RegisterPage - INFO - Clear input[name='account.city']
2025-06-12 18:32:38,631 - RegisterPage - INFO - In input[name='account.city'] input: Test City
2025-06-12 18:32:38,657 - RegisterPage - INFO - Clear input[name='account.state']
2025-06-12 18:32:38,685 - RegisterPage - INFO - In input[name='account.state'] input: TS
2025-06-12 18:32:38,713 - RegisterPage - INFO - Clear input[name='account.zip']
2025-06-12 18:32:38,741 - RegisterPage - INFO - In input[name='account.zip'] input: 12345
2025-06-12 18:32:38,773 - RegisterPage - INFO - Clear input[name='account.country']
2025-06-12 18:32:38,803 - RegisterPage - INFO - In input[name='account.country'] input: USA
2025-06-12 18:32:38,829 - RegisterPage - INFO - Click element: input[name='newAccount']
2025-06-12 19:04:01,994 - RegisterPage - INFO - Navigate to: https://petstore.octoperf.com/actions/Account.action?newAccountForm=
2025-06-12 19:04:09,490 - RegisterPage - INFO - Registering user: Autotest_3bbcb349
2025-06-12 19:04:09,490 - RegisterPage - INFO - Clear input[name='username']
2025-06-12 19:04:09,543 - RegisterPage - INFO - In input[name='username'] input: Autotest_3bbcb349
2025-06-12 19:04:09,573 - RegisterPage - INFO - Clear input[name='password']
2025-06-12 19:04:09,612 - RegisterPage - INFO - In input[name='password'] input: TestPass123
2025-06-12 19:04:09,642 - RegisterPage - INFO - Clear input[name='repeatedPassword']
2025-06-12 19:04:09,670 - RegisterPage - INFO - In input[name='repeatedPassword'] input: TestPass123
2025-06-12 19:04:09,705 - RegisterPage - INFO - Clear input[name='account.firstName']
2025-06-12 19:04:09,735 - RegisterPage - INFO - In input[name='account.firstName'] input: Autotest_3bbcb349
2025-06-12 19:04:09,767 - RegisterPage - INFO - Clear input[name='account.lastName']
2025-06-12 19:04:09,794 - RegisterPage - INFO - In input[name='account.lastName'] input: User
2025-06-12 19:04:09,823 - RegisterPage - INFO - Clear input[name='account.email']
2025-06-12 19:04:09,854 - RegisterPage - INFO - In input[name='account.email'] input: testuser@example.com
2025-06-12 19:04:09,881 - RegisterPage - INFO - Clear input[name='account.phone']
2025-06-12 19:04:09,909 - RegisterPage - INFO - In input[name='account.phone'] input: 1234567890
2025-06-12 19:04:09,936 - RegisterPage - INFO - Clear input[name='account.address1']
2025-06-12 19:04:09,968 - RegisterPage - INFO - In input[name='account.address1'] input: 123 Test St
2025-06-12 19:04:09,995 - RegisterPage - INFO - Clear input[name='account.city']
2025-06-12 19:04:10,025 - RegisterPage - INFO - In input[name='account.city'] input: Test City
2025-06-12 19:04:10,052 - RegisterPage - INFO - Clear input[name='account.state']
2025-06-12 19:04:10,078 - RegisterPage - INFO - In input[name='account.state'] input: TS
2025-06-12 19:04:10,104 - RegisterPage - INFO - Clear input[name='account.zip']
2025-06-12 19:04:10,132 - RegisterPage - INFO - In input[name='account.zip'] input: 12345
2025-06-12 19:04:10,158 - RegisterPage - INFO - Clear input[name='account.country']
2025-06-12 19:04:10,196 - RegisterPage - INFO - In input[name='account.country'] input: USA
2025-06-12 19:04:10,223 - RegisterPage - INFO - Click element: input[name='newAccount']
2025-06-12 19:11:55,750 - RegisterPage - INFO - Navigate to: https://petstore.octoperf.com/actions/Account.action?newAccountForm=
2025-06-12 19:11:57,276 - RegisterPage - INFO - Registering user: Autotest_d3dbdd65
2025-06-12 19:11:57,276 - RegisterPage - INFO - Clear input[name='username']
2025-06-12 19:11:57,332 - RegisterPage - INFO - In input[name='username'] input: Autotest_d3dbdd65
2025-06-12 19:11:57,361 - RegisterPage - INFO - Clear input[name='password']
2025-06-12 19:11:57,389 - RegisterPage - INFO - In input[name='password'] input: TestPass123
2025-06-12 19:11:57,415 - RegisterPage - INFO - Clear input[name='repeatedPassword']
2025-06-12 19:11:57,443 - RegisterPage - INFO - In input[name='repeatedPassword'] input: TestPass123
2025-06-12 19:11:57,470 - RegisterPage - INFO - Clear input[name='account.firstName']
2025-06-12 19:11:57,495 - RegisterPage - INFO - In input[name='account.firstName'] input: Autotest_d3dbdd65
2025-06-12 19:11:57,522 - RegisterPage - INFO - Clear input[name='account.lastName']
2025-06-12 19:11:57,551 - RegisterPage - INFO - In input[name='account.lastName'] input: User
2025-06-12 19:11:57,578 - RegisterPage - INFO - Clear input[name='account.email']
2025-06-12 19:11:57,606 - RegisterPage - INFO - In input[name='account.email'] input: testuser@example.com
2025-06-12 19:11:57,633 - RegisterPage - INFO - Clear input[name='account.phone']
2025-06-12 19:11:57,659 - RegisterPage - INFO - In input[name='account.phone'] input: 1234567890
2025-06-12 19:11:57,686 - RegisterPage - INFO - Clear input[name='account.address1']
2025-06-12 19:11:57,712 - RegisterPage - INFO - In input[name='account.address1'] input: 123 Test St
2025-06-12 19:11:57,738 - RegisterPage - INFO - Clear input[name='account.city']
2025-06-12 19:11:57,767 - RegisterPage - INFO - In input[name='account.city'] input: Test City
2025-06-12 19:11:57,794 - RegisterPage - INFO - Clear input[name='account.state']
2025-06-12 19:11:57,822 - RegisterPage - INFO - In input[name='account.state'] input: TS
2025-06-12 19:11:57,854 - RegisterPage - INFO - Clear input[name='account.zip']
2025-06-12 19:11:57,883 - RegisterPage - INFO - In input[name='account.zip'] input: 12345
2025-06-12 19:11:57,910 - RegisterPage - INFO - Clear input[name='account.country']
2025-06-12 19:11:57,949 - RegisterPage - INFO - In input[name='account.country'] input: USA
2025-06-12 19:11:57,975 - RegisterPage - INFO - Click element: input[name='newAccount']
2025-06-12 19:18:44,942 - RegisterPage - INFO - Navigate to: https://petstore.octoperf.com/actions/Account.action?newAccountForm=
2025-06-12 19:18:46,263 - RegisterPage - INFO - Registering user: Autotest_6fe99f17
2025-06-12 19:18:46,263 - RegisterPage - INFO - Clear input[name='username']
2025-06-12 19:18:46,320 - RegisterPage - INFO - In input[name='username'] input: Autotest_6fe99f17
2025-06-12 19:18:46,351 - RegisterPage - INFO - Clear input[name='password']
2025-06-12 19:18:46,383 - RegisterPage - INFO - In input[name='password'] input: TestPass123
2025-06-12 19:18:46,416 - RegisterPage - INFO - Clear input[name='repeatedPassword']
2025-06-12 19:18:46,471 - RegisterPage - INFO - In input[name='repeatedPassword'] input: TestPass123
2025-06-12 19:18:46,524 - RegisterPage - INFO - Clear input[name='account.firstName']
2025-06-12 19:18:46,562 - RegisterPage - INFO - In input[name='account.firstName'] input: Autotest_6fe99f17
2025-06-12 19:18:46,596 - RegisterPage - INFO - Clear input[name='account.lastName']
2025-06-12 19:18:46,623 - RegisterPage - INFO - In input[name='account.lastName'] input: User
2025-06-12 19:18:46,651 - RegisterPage - INFO - Clear input[name='account.email']
2025-06-12 19:18:46,679 - RegisterPage - INFO - In input[name='account.email'] input: testuser@example.com
2025-06-12 19:18:46,709 - RegisterPage - INFO - Clear input[name='account.phone']
2025-06-12 19:18:46,745 - RegisterPage - INFO - In input[name='account.phone'] input: 1234567890
2025-06-12 19:18:46,777 - RegisterPage - INFO - Clear input[name='account.address1']
2025-06-12 19:18:46,803 - RegisterPage - INFO - In input[name='account.address1'] input: 123 Test St
2025-06-12 19:18:46,831 - RegisterPage - INFO - Clear input[name='account.city']
2025-06-12 19:18:46,860 - RegisterPage - INFO - In input[name='account.city'] input: Test City
2025-06-12 19:18:46,885 - RegisterPage - INFO - Clear input[name='account.state']
2025-06-12 19:18:46,912 - RegisterPage - INFO - In input[name='account.state'] input: TS
2025-06-12 19:18:46,939 - RegisterPage - INFO - Clear input[name='account.zip']
2025-06-12 19:18:46,968 - RegisterPage - INFO - In input[name='account.zip'] input: 12345
2025-06-12 19:18:46,995 - RegisterPage - INFO - Clear input[name='account.country']
2025-06-12 19:18:47,036 - RegisterPage - INFO - In input[name='account.country'] input: USA
2025-06-12 19:18:47,066 - RegisterPage - INFO - Click element: input[name='newAccount']
2025-06-12 19:20:54,365 - RegisterPage - INFO - Navigate to: https://petstore.octoperf.com/actions/Account.action?newAccountForm=
2025-06-12 19:20:55,681 - RegisterPage - INFO - Registering user: Autotest_110f3d4d
2025-06-12 19:20:55,681 - RegisterPage - INFO - Clear input[name='username']
2025-06-12 19:20:55,738 - RegisterPage - INFO - In input[name='username'] input: Autotest_110f3d4d
2025-06-12 19:20:55,767 - RegisterPage - INFO - Clear input[name='password']
2025-06-12 19:20:55,795 - RegisterPage - INFO - In input[name='password'] input: TestPass123
2025-06-12 19:20:55,820 - RegisterPage - INFO - Clear input[name='repeatedPassword']
2025-06-12 19:20:55,852 - RegisterPage - INFO - In input[name='repeatedPassword'] input: TestPass123
2025-06-12 19:20:55,879 - RegisterPage - INFO - Clear input[name='account.firstName']
2025-06-12 19:20:55,907 - RegisterPage - INFO - In input[name='account.firstName'] input: Autotest_110f3d4d
2025-06-12 19:20:55,936 - RegisterPage - INFO - Clear input[name='account.lastName']
2025-06-12 19:20:55,969 - RegisterPage - INFO - In input[name='account.lastName'] input: User
2025-06-12 19:20:55,998 - RegisterPage - INFO - Clear input[name='account.email']
2025-06-12 19:20:56,025 - RegisterPage - INFO - In input[name='account.email'] input: testuser@example.com
2025-06-12 19:20:56,053 - RegisterPage - INFO - Clear input[name='account.phone']
2025-06-12 19:20:56,081 - RegisterPage - INFO - In input[name='account.phone'] input: 1234567890
2025-06-12 19:20:56,108 - RegisterPage - INFO - Clear input[name='account.address1']
2025-06-12 19:20:56,139 - RegisterPage - INFO - In input[name='account.address1'] input: 123 Test St
2025-06-12 19:20:56,166 - RegisterPage - INFO - Clear input[name='account.city']
2025-06-12 19:20:56,194 - RegisterPage - INFO - In input[name='account.city'] input: Test City
2025-06-12 19:20:56,221 - RegisterPage - INFO - Clear input[name='account.state']
2025-06-12 19:20:56,249 - RegisterPage - INFO - In input[name='account.state'] input: TS
2025-06-12 19:20:56,275 - RegisterPage - INFO - Clear input[name='account.zip']
2025-06-12 19:20:56,303 - RegisterPage - INFO - In input[name='account.zip'] input: 12345
2025-06-12 19:20:56,332 - RegisterPage - INFO - Clear input[name='account.country']
2025-06-12 19:20:56,369 - RegisterPage - INFO - In input[name='account.country'] input: USA
2025-06-12 19:20:56,396 - RegisterPage - INFO - Click element: input[name='newAccount']
2025-06-12 19:30:56,012 - RegisterPage - INFO - Navigate to: https://petstore.octoperf.com/actions/Account.action?newAccountForm=
2025-06-12 19:30:57,453 - RegisterPage - INFO - Registering user: Autotest_f2d2eed8
2025-06-12 19:30:57,454 - RegisterPage - INFO - Clear input[name='username']
2025-06-12 19:30:57,515 - RegisterPage - INFO - In input[name='username'] input: Autotest_f2d2eed8
2025-06-12 19:30:57,551 - RegisterPage - INFO - Clear input[name='password']
2025-06-12 19:30:57,583 - RegisterPage - INFO - In input[name='password'] input: TestPass123
2025-06-12 19:30:57,611 - RegisterPage - INFO - Clear input[name='repeatedPassword']
2025-06-12 19:30:57,642 - RegisterPage - INFO - In input[name='repeatedPassword'] input: TestPass123
2025-06-12 19:30:57,671 - RegisterPage - INFO - Clear input[name='account.firstName']
2025-06-12 19:30:57,699 - RegisterPage - INFO - In input[name='account.firstName'] input: Autotest_f2d2eed8
2025-06-12 19:30:57,726 - RegisterPage - INFO - Clear input[name='account.lastName']
2025-06-12 19:30:57,758 - RegisterPage - INFO - In input[name='account.lastName'] input: User
2025-06-12 19:30:57,789 - RegisterPage - INFO - Clear input[name='account.email']
2025-06-12 19:30:57,823 - RegisterPage - INFO - In input[name='account.email'] input: testuser@example.com
2025-06-12 19:30:57,851 - RegisterPage - INFO - Clear input[name='account.phone']
2025-06-12 19:30:57,879 - RegisterPage - INFO - In input[name='account.phone'] input: 1234567890
2025-06-12 19:30:57,907 - RegisterPage - INFO - Clear input[name='account.address1']
2025-06-12 19:30:57,939 - RegisterPage - INFO - In input[name='account.address1'] input: 123 Test St
2025-06-12 19:30:57,966 - RegisterPage - INFO - Clear input[name='account.city']
2025-06-12 19:30:57,998 - RegisterPage - INFO - In input[name='account.city'] input: Test City
2025-06-12 19:30:58,025 - RegisterPage - INFO - Clear input[name='account.state']
2025-06-12 19:30:58,052 - RegisterPage - INFO - In input[name='account.state'] input: TS
2025-06-12 19:30:58,080 - RegisterPage - INFO - Clear input[name='account.zip']
2025-06-12 19:30:58,107 - RegisterPage - INFO - In input[name='account.zip'] input: 12345
2025-06-12 19:30:58,133 - RegisterPage - INFO - Clear input[name='account.country']
2025-06-12 19:30:58,173 - RegisterPage - INFO - In input[name='account.country'] input: USA
2025-06-12 19:30:58,198 - RegisterPage - INFO - Click element: input[name='newAccount']
2025-06-12 19:42:38,683 - RegisterPage - INFO - Navigate to: https://petstore.octoperf.com/actions/Account.action?newAccountForm=
2025-06-12 19:42:40,088 - RegisterPage - INFO - Registering user: Autotest_4ff26b79
2025-06-12 19:42:40,088 - RegisterPage - INFO - Clear input[name='username']
2025-06-12 19:42:40,146 - RegisterPage - INFO - In input[name='username'] input: Autotest_4ff26b79
2025-06-12 19:42:40,177 - RegisterPage - INFO - Clear input[name='password']
2025-06-12 19:42:40,205 - RegisterPage - INFO - In input[name='password'] input: TestPass123
2025-06-12 19:42:40,232 - RegisterPage - INFO - Clear input[name='repeatedPassword']
2025-06-12 19:42:40,260 - RegisterPage - INFO - In input[name='repeatedPassword'] input: TestPass123
2025-06-12 19:42:40,288 - RegisterPage - INFO - Clear input[name='account.firstName']
2025-06-12 19:42:40,317 - RegisterPage - INFO - In input[name='account.firstName'] input: Autotest_4ff26b79
2025-06-12 19:42:40,345 - RegisterPage - INFO - Clear input[name='account.lastName']
2025-06-12 19:42:40,375 - RegisterPage - INFO - In input[name='account.lastName'] input: User
2025-06-12 19:42:40,403 - RegisterPage - INFO - Clear input[name='account.email']
2025-06-12 19:42:40,432 - RegisterPage - INFO - In input[name='account.email'] input: testuser@example.com
2025-06-12 19:42:40,459 - RegisterPage - INFO - Clear input[name='account.phone']
2025-06-12 19:42:40,486 - RegisterPage - INFO - In input[name='account.phone'] input: 1234567890
2025-06-12 19:42:40,511 - RegisterPage - INFO - Clear input[name='account.address1']
2025-06-12 19:42:40,540 - RegisterPage - INFO - In input[name='account.address1'] input: 123 Test St
2025-06-12 19:42:40,565 - RegisterPage - INFO - Clear input[name='account.city']
2025-06-12 19:42:40,593 - RegisterPage - INFO - In input[name='account.city'] input: Test City
2025-06-12 19:42:40,620 - RegisterPage - INFO - Clear input[name='account.state']
2025-06-12 19:42:40,646 - RegisterPage - INFO - In input[name='account.state'] input: TS
2025-06-12 19:42:40,673 - RegisterPage - INFO - Clear input[name='account.zip']
2025-06-12 19:42:40,703 - RegisterPage - INFO - In input[name='account.zip'] input: 12345
2025-06-12 19:42:40,730 - RegisterPage - INFO - Clear input[name='account.country']
2025-06-12 19:42:40,773 - RegisterPage - INFO - In input[name='account.country'] input: USA
2025-06-12 19:42:40,799 - RegisterPage - INFO - Click element: input[name='newAccount']
2025-06-12 20:22:11,655 - RegisterPage - INFO - Navigate to: https://petstore.octoperf.com/actions/Account.action?newAccountForm=
2025-06-12 20:22:12,962 - RegisterPage - INFO - Registering user: Autotest_2b1871d7
2025-06-12 20:22:12,962 - RegisterPage - INFO - Clear input[name='username']
2025-06-12 20:22:13,017 - RegisterPage - INFO - In input[name='username'] input: Autotest_2b1871d7
2025-06-12 20:22:13,053 - RegisterPage - INFO - Clear input[name='password']
2025-06-12 20:22:13,086 - RegisterPage - INFO - In input[name='password'] input: TestPass123
2025-06-12 20:22:13,116 - RegisterPage - INFO - Clear input[name='repeatedPassword']
2025-06-12 20:22:13,148 - RegisterPage - INFO - In input[name='repeatedPassword'] input: TestPass123
2025-06-12 20:22:13,178 - RegisterPage - INFO - Clear input[name='account.firstName']
2025-06-12 20:22:13,210 - RegisterPage - INFO - In input[name='account.firstName'] input: Autotest_2b1871d7
2025-06-12 20:22:13,238 - RegisterPage - INFO - Clear input[name='account.lastName']
2025-06-12 20:22:13,274 - RegisterPage - INFO - In input[name='account.lastName'] input: User
2025-06-12 20:22:13,301 - RegisterPage - INFO - Clear input[name='account.email']
2025-06-12 20:22:13,328 - RegisterPage - INFO - In input[name='account.email'] input: testuser@example.com
2025-06-12 20:22:13,355 - RegisterPage - INFO - Clear input[name='account.phone']
2025-06-12 20:22:13,382 - RegisterPage - INFO - In input[name='account.phone'] input: 1234567890
2025-06-12 20:22:13,409 - RegisterPage - INFO - Clear input[name='account.address1']
2025-06-12 20:22:13,438 - RegisterPage - INFO - In input[name='account.address1'] input: 123 Test St
2025-06-12 20:22:13,463 - RegisterPage - INFO - Clear input[name='account.city']
2025-06-12 20:22:13,493 - RegisterPage - INFO - In input[name='account.city'] input: Test City
2025-06-12 20:22:13,519 - RegisterPage - INFO - Clear input[name='account.state']
2025-06-12 20:22:13,545 - RegisterPage - INFO - In input[name='account.state'] input: TS
2025-06-12 20:22:13,572 - RegisterPage - INFO - Clear input[name='account.zip']
2025-06-12 20:22:13,600 - RegisterPage - INFO - In input[name='account.zip'] input: 12345
2025-06-12 20:22:13,631 - RegisterPage - INFO - Clear input[name='account.country']
2025-06-12 20:22:13,673 - RegisterPage - INFO - In input[name='account.country'] input: USA
2025-06-12 20:22:13,699 - RegisterPage - INFO - Click element: input[name='newAccount']
